GAS LISTING C:\Users\GTSAIN~1\AppData\Local\Temp\ccC6w8hM.s 			page 1


   1              		.file	"init.c"
   2              		.option nopic
   3              		.attribute arch, "rv32i2p0_m2p0_a2p0_c2p0"
   4              		.attribute unaligned_access, 0
   5              		.attribute stack_align, 16
   6              		.text
   7              	.Ltext0:
   8              		.cfi_sections	.debug_frame
   9              		.section	.text._init,"ax",@progbits
  10              		.align	1
  11              		.globl	_init
  13              	_init:
  14              	.LFB5:
  15              		.file 1 "../../firmware/RISCV/env_Eclipse/init.c"
   1:../../firmware/RISCV/env_Eclipse/init.c **** //See LICENSE for license details.
   2:../../firmware/RISCV/env_Eclipse/init.c **** #include <gd32vf103.h>
   3:../../firmware/RISCV/env_Eclipse/init.c **** #include <stdint.h>
   4:../../firmware/RISCV/env_Eclipse/init.c **** #include <stdio.h>
   5:../../firmware/RISCV/env_Eclipse/init.c **** #include <unistd.h>
   6:../../firmware/RISCV/env_Eclipse/init.c **** #include "riscv_encoding.h"
   7:../../firmware/RISCV/env_Eclipse/init.c **** #include "n200_func.h"
   8:../../firmware/RISCV/env_Eclipse/init.c **** 
   9:../../firmware/RISCV/env_Eclipse/init.c **** extern uint32_t disable_mcycle_minstret();
  10:../../firmware/RISCV/env_Eclipse/init.c **** void _init()
  11:../../firmware/RISCV/env_Eclipse/init.c **** {
  16              		.loc 1 11 1
  17              		.cfi_startproc
  12:../../firmware/RISCV/env_Eclipse/init.c **** 	SystemInit();
  18              		.loc 1 12 2
  11:../../firmware/RISCV/env_Eclipse/init.c **** 	SystemInit();
  19              		.loc 1 11 1 is_stmt 0
  20 0000 4111     		addi	sp,sp,-16
  21              	.LCFI0:
  22              		.cfi_def_cfa_offset 16
  23 0002 06C6     		sw	ra,12(sp)
  24              		.cfi_offset 1, -4
  25              		.loc 1 12 2
  26 0004 97000000 		call	SystemInit
  26      E7800000 
  27              	.LVL0:
  13:../../firmware/RISCV/env_Eclipse/init.c **** 
  14:../../firmware/RISCV/env_Eclipse/init.c **** 	//ECLIC init
  15:../../firmware/RISCV/env_Eclipse/init.c **** 	eclic_init(ECLIC_NUM_INTERRUPTS);
  28              		.loc 1 15 2 is_stmt 1
  29 000c 13057005 		li	a0,87
  30 0010 97000000 		call	eclic_init
  30      E7800000 
  31              	.LVL1:
  16:../../firmware/RISCV/env_Eclipse/init.c **** 	eclic_mode_enable();
  32              		.loc 1 16 2
  33 0018 97000000 		call	eclic_mode_enable
  33      E7800000 
  34              	.LVL2:
  17:../../firmware/RISCV/env_Eclipse/init.c **** 
  18:../../firmware/RISCV/env_Eclipse/init.c **** 	//printf("After ECLIC mode enabled, the mtvec value is %x \n\n\r", read_csr(mtvec));
  19:../../firmware/RISCV/env_Eclipse/init.c **** 
  20:../../firmware/RISCV/env_Eclipse/init.c **** 	// // It must be NOTED:
GAS LISTING C:\Users\GTSAIN~1\AppData\Local\Temp\ccC6w8hM.s 			page 2


  21:../../firmware/RISCV/env_Eclipse/init.c **** 	//  //    * In the RISC-V arch, if user mode and PMP supported, then by default if PMP is not conf
  22:../../firmware/RISCV/env_Eclipse/init.c **** 	//  //      with valid entries, then user mode cannot access any memory, and cannot execute any in
  23:../../firmware/RISCV/env_Eclipse/init.c **** 	//  //    * So if switch to user-mode and still want to continue, then you must configure PMP firs
  24:../../firmware/RISCV/env_Eclipse/init.c **** 	//pmp_open_all_space();
  25:../../firmware/RISCV/env_Eclipse/init.c **** 	//switch_m2u_mode();
  26:../../firmware/RISCV/env_Eclipse/init.c **** 	
  27:../../firmware/RISCV/env_Eclipse/init.c ****     /* Before enter into main, add the cycle/instret disable by default to save power,
  28:../../firmware/RISCV/env_Eclipse/init.c ****     only use them when needed to measure the cycle/instret */
  29:../../firmware/RISCV/env_Eclipse/init.c **** 	disable_mcycle_minstret();
  35              		.loc 1 29 2
  30:../../firmware/RISCV/env_Eclipse/init.c **** }
  36              		.loc 1 30 1 is_stmt 0
  37 0020 B240     		lw	ra,12(sp)
  38              		.cfi_restore 1
  39 0022 4101     		addi	sp,sp,16
  40              	.LCFI1:
  41              		.cfi_def_cfa_offset 0
  29:../../firmware/RISCV/env_Eclipse/init.c **** }
  42              		.loc 1 29 2
  43 0024 17030000 		tail	disable_mcycle_minstret
  43      67000300 
  44              	.LVL3:
  45              		.cfi_endproc
  46              	.LFE5:
  48              		.section	.text._fini,"ax",@progbits
  49              		.align	1
  50              		.globl	_fini
  52              	_fini:
  53              	.LFB6:
  31:../../firmware/RISCV/env_Eclipse/init.c **** 
  32:../../firmware/RISCV/env_Eclipse/init.c **** void _fini()
  33:../../firmware/RISCV/env_Eclipse/init.c **** {
  54              		.loc 1 33 1 is_stmt 1
  55              		.cfi_startproc
  34:../../firmware/RISCV/env_Eclipse/init.c **** }
  56              		.loc 1 34 1
  57 0000 8280     		ret
  58              		.cfi_endproc
  59              	.LFE6:
  61              		.text
  62              	.Letext0:
  63              		.file 2 "c:\\users\\gtsa infinity\\desktop\\toolchain-gd32v-win\\compiler\\riscv64-unknown-elf\\in
  64              		.file 3 "c:\\users\\gtsa infinity\\desktop\\toolchain-gd32v-win\\compiler\\riscv64-unknown-elf\\in
  65              		.file 4 "c:\\users\\gtsa infinity\\desktop\\toolchain-gd32v-win\\compiler\\lib\\gcc\\riscv64-unkno
  66              		.file 5 "c:\\users\\gtsa infinity\\desktop\\toolchain-gd32v-win\\compiler\\riscv64-unknown-elf\\in
  67              		.file 6 "c:\\users\\gtsa infinity\\desktop\\toolchain-gd32v-win\\compiler\\riscv64-unknown-elf\\in
  68              		.file 7 "c:\\users\\gtsa infinity\\desktop\\toolchain-gd32v-win\\compiler\\riscv64-unknown-elf\\in
  69              		.file 8 "../../firmware/GD32VF103_standard_peripheral/system_gd32vf103.h"
  70              		.file 9 "c:\\users\\gtsa infinity\\desktop\\toolchain-gd32v-win\\compiler\\riscv64-unknown-elf\\in
  71              		.file 10 "../../firmware/RISCV/drivers/n200_func.h"
  72              		.file 11 "../../firmware/GD32VF103_standard_peripheral/gd32vf103.h"
GAS LISTING C:\Users\GTSAIN~1\AppData\Local\Temp\ccC6w8hM.s 			page 3


DEFINED SYMBOLS
                            *ABS*:0000000000000000 init.c
C:\Users\GTSAIN~1\AppData\Local\Temp\ccC6w8hM.s:13     .text._init:0000000000000000 _init
C:\Users\GTSAIN~1\AppData\Local\Temp\ccC6w8hM.s:17     .text._init:0000000000000000 .L0 
C:\Users\GTSAIN~1\AppData\Local\Temp\ccC6w8hM.s:18     .text._init:0000000000000000 .L0 
C:\Users\GTSAIN~1\AppData\Local\Temp\ccC6w8hM.s:19     .text._init:0000000000000000 .L0 
C:\Users\GTSAIN~1\AppData\Local\Temp\ccC6w8hM.s:20     .text._init:0000000000000000 .L0 
C:\Users\GTSAIN~1\AppData\Local\Temp\ccC6w8hM.s:22     .text._init:0000000000000002 .L0 
C:\Users\GTSAIN~1\AppData\Local\Temp\ccC6w8hM.s:24     .text._init:0000000000000004 .L0 
C:\Users\GTSAIN~1\AppData\Local\Temp\ccC6w8hM.s:26     .text._init:0000000000000004 .L0 
C:\Users\GTSAIN~1\AppData\Local\Temp\ccC6w8hM.s:29     .text._init:000000000000000c .L0 
C:\Users\GTSAIN~1\AppData\Local\Temp\ccC6w8hM.s:33     .text._init:0000000000000018 .L0 
C:\Users\GTSAIN~1\AppData\Local\Temp\ccC6w8hM.s:36     .text._init:0000000000000020 .L0 
C:\Users\GTSAIN~1\AppData\Local\Temp\ccC6w8hM.s:37     .text._init:0000000000000020 .L0 
C:\Users\GTSAIN~1\AppData\Local\Temp\ccC6w8hM.s:38     .text._init:0000000000000022 .L0 
C:\Users\GTSAIN~1\AppData\Local\Temp\ccC6w8hM.s:41     .text._init:0000000000000024 .L0 
C:\Users\GTSAIN~1\AppData\Local\Temp\ccC6w8hM.s:43     .text._init:0000000000000024 .L0 
C:\Users\GTSAIN~1\AppData\Local\Temp\ccC6w8hM.s:45     .text._init:000000000000002c .L0 
C:\Users\GTSAIN~1\AppData\Local\Temp\ccC6w8hM.s:52     .text._fini:0000000000000000 _fini
C:\Users\GTSAIN~1\AppData\Local\Temp\ccC6w8hM.s:55     .text._fini:0000000000000000 .L0 
C:\Users\GTSAIN~1\AppData\Local\Temp\ccC6w8hM.s:56     .text._fini:0000000000000000 .L0 
C:\Users\GTSAIN~1\AppData\Local\Temp\ccC6w8hM.s:57     .text._fini:0000000000000000 .L0 
C:\Users\GTSAIN~1\AppData\Local\Temp\ccC6w8hM.s:58     .text._fini:0000000000000002 .L0 
C:\Users\GTSAIN~1\AppData\Local\Temp\ccC6w8hM.s:48     .text._init:000000000000002c .L0 
C:\Users\GTSAIN~1\AppData\Local\Temp\ccC6w8hM.s:61     .text._fini:0000000000000002 .L0 
                     .debug_frame:0000000000000000 .L0 
C:\Users\GTSAIN~1\AppData\Local\Temp\ccC6w8hM.s:1818   .debug_abbrev:0000000000000000 .Ldebug_abbrev0
C:\Users\GTSAIN~1\AppData\Local\Temp\ccC6w8hM.s:2628   .debug_str:0000000000000525 .LASF199
C:\Users\GTSAIN~1\AppData\Local\Temp\ccC6w8hM.s:2698   .debug_str:0000000000000715 .LASF200
C:\Users\GTSAIN~1\AppData\Local\Temp\ccC6w8hM.s:2412   .debug_str:0000000000000029 .LASF201
C:\Users\GTSAIN~1\AppData\Local\Temp\ccC6w8hM.s:2396   .debug_ranges:0000000000000000 .Ldebug_ranges0
C:\Users\GTSAIN~1\AppData\Local\Temp\ccC6w8hM.s:2404   .debug_line:0000000000000000 .Ldebug_line0
C:\Users\GTSAIN~1\AppData\Local\Temp\ccC6w8hM.s:2606   .debug_str:00000000000004b1 .LASF202
C:\Users\GTSAIN~1\AppData\Local\Temp\ccC6w8hM.s:2524   .debug_str:000000000000030c .LASF0
C:\Users\GTSAIN~1\AppData\Local\Temp\ccC6w8hM.s:2812   .debug_str:0000000000000980 .LASF1
C:\Users\GTSAIN~1\AppData\Local\Temp\ccC6w8hM.s:2754   .debug_str:000000000000083d .LASF2
C:\Users\GTSAIN~1\AppData\Local\Temp\ccC6w8hM.s:2518   .debug_str:00000000000002dd .LASF3
C:\Users\GTSAIN~1\AppData\Local\Temp\ccC6w8hM.s:2598   .debug_str:0000000000000488 .LASF4
C:\Users\GTSAIN~1\AppData\Local\Temp\ccC6w8hM.s:2576   .debug_str:0000000000000430 .LASF5
C:\Users\GTSAIN~1\AppData\Local\Temp\ccC6w8hM.s:2792   .debug_str:000000000000090e .LASF6
C:\Users\GTSAIN~1\AppData\Local\Temp\ccC6w8hM.s:2744   .debug_str:0000000000000802 .LASF7
C:\Users\GTSAIN~1\AppData\Local\Temp\ccC6w8hM.s:2578   .debug_str:000000000000043b .LASF8
C:\Users\GTSAIN~1\AppData\Local\Temp\ccC6w8hM.s:2784   .debug_str:00000000000008e3 .LASF9
C:\Users\GTSAIN~1\AppData\Local\Temp\ccC6w8hM.s:2662   .debug_str:000000000000065a .LASF10
C:\Users\GTSAIN~1\AppData\Local\Temp\ccC6w8hM.s:2766   .debug_str:0000000000000888 .LASF11
C:\Users\GTSAIN~1\AppData\Local\Temp\ccC6w8hM.s:2816   .debug_str:0000000000000997 .LASF12
C:\Users\GTSAIN~1\AppData\Local\Temp\ccC6w8hM.s:2444   .debug_str:000000000000012f .LASF13
C:\Users\GTSAIN~1\AppData\Local\Temp\ccC6w8hM.s:2622   .debug_str:00000000000004fb .LASF14
C:\Users\GTSAIN~1\AppData\Local\Temp\ccC6w8hM.s:2664   .debug_str:0000000000000667 .LASF15
C:\Users\GTSAIN~1\AppData\Local\Temp\ccC6w8hM.s:2676   .debug_str:000000000000069d .LASF16
C:\Users\GTSAIN~1\AppData\Local\Temp\ccC6w8hM.s:2440   .debug_str:0000000000000111 .LASF17
C:\Users\GTSAIN~1\AppData\Local\Temp\ccC6w8hM.s:2504   .debug_str:0000000000000288 .LASF18
C:\Users\GTSAIN~1\AppData\Local\Temp\ccC6w8hM.s:2554   .debug_str:00000000000003ab .LASF19
C:\Users\GTSAIN~1\AppData\Local\Temp\ccC6w8hM.s:2638   .debug_str:00000000000005ca .LASF20
C:\Users\GTSAIN~1\AppData\Local\Temp\ccC6w8hM.s:2776   .debug_str:00000000000008b3 .LASF21
C:\Users\GTSAIN~1\AppData\Local\Temp\ccC6w8hM.s:2410   .debug_str:0000000000000016 .LASF22
C:\Users\GTSAIN~1\AppData\Local\Temp\ccC6w8hM.s:2448   .debug_str:0000000000000149 .LASF23
GAS LISTING C:\Users\GTSAIN~1\AppData\Local\Temp\ccC6w8hM.s 			page 4


C:\Users\GTSAIN~1\AppData\Local\Temp\ccC6w8hM.s:2514   .debug_str:00000000000002c5 .LASF24
C:\Users\GTSAIN~1\AppData\Local\Temp\ccC6w8hM.s:2414   .debug_str:000000000000006b .LASF25
C:\Users\GTSAIN~1\AppData\Local\Temp\ccC6w8hM.s:2458   .debug_str:0000000000000198 .LASF26
C:\Users\GTSAIN~1\AppData\Local\Temp\ccC6w8hM.s:2508   .debug_str:00000000000002a9 .LASF27
C:\Users\GTSAIN~1\AppData\Local\Temp\ccC6w8hM.s:2498   .debug_str:000000000000025e .LASF28
C:\Users\GTSAIN~1\AppData\Local\Temp\ccC6w8hM.s:2546   .debug_str:000000000000037c .LASF29
C:\Users\GTSAIN~1\AppData\Local\Temp\ccC6w8hM.s:2472   .debug_str:00000000000001d9 .LASF30
C:\Users\GTSAIN~1\AppData\Local\Temp\ccC6w8hM.s:2786   .debug_str:00000000000008ec .LASF31
C:\Users\GTSAIN~1\AppData\Local\Temp\ccC6w8hM.s:2450   .debug_str:0000000000000155 .LASF32
C:\Users\GTSAIN~1\AppData\Local\Temp\ccC6w8hM.s:2618   .debug_str:00000000000004e8 .LASF33
C:\Users\GTSAIN~1\AppData\Local\Temp\ccC6w8hM.s:2658   .debug_str:0000000000000648 .LASF34
C:\Users\GTSAIN~1\AppData\Local\Temp\ccC6w8hM.s:2726   .debug_str:00000000000007a7 .LASF35
C:\Users\GTSAIN~1\AppData\Local\Temp\ccC6w8hM.s:2656   .debug_str:000000000000063b .LASF36
C:\Users\GTSAIN~1\AppData\Local\Temp\ccC6w8hM.s:2740   .debug_str:00000000000007ef .LASF37
C:\Users\GTSAIN~1\AppData\Local\Temp\ccC6w8hM.s:2424   .debug_str:00000000000000a2 .LASF38
C:\Users\GTSAIN~1\AppData\Local\Temp\ccC6w8hM.s:2804   .debug_str:0000000000000950 .LASF39
C:\Users\GTSAIN~1\AppData\Local\Temp\ccC6w8hM.s:2538   .debug_str:000000000000034f .LASF40
C:\Users\GTSAIN~1\AppData\Local\Temp\ccC6w8hM.s:2584   .debug_str:0000000000000452 .LASF41
C:\Users\GTSAIN~1\AppData\Local\Temp\ccC6w8hM.s:2482   .debug_str:000000000000020d .LASF42
C:\Users\GTSAIN~1\AppData\Local\Temp\ccC6w8hM.s:2650   .debug_str:000000000000061e .LASF43
C:\Users\GTSAIN~1\AppData\Local\Temp\ccC6w8hM.s:2710   .debug_str:0000000000000762 .LASF44
C:\Users\GTSAIN~1\AppData\Local\Temp\ccC6w8hM.s:2768   .debug_str:0000000000000893 .LASF45
C:\Users\GTSAIN~1\AppData\Local\Temp\ccC6w8hM.s:2734   .debug_str:00000000000007cf .LASF46
C:\Users\GTSAIN~1\AppData\Local\Temp\ccC6w8hM.s:2810   .debug_str:0000000000000970 .LASF47
C:\Users\GTSAIN~1\AppData\Local\Temp\ccC6w8hM.s:2528   .debug_str:0000000000000323 .LASF48
C:\Users\GTSAIN~1\AppData\Local\Temp\ccC6w8hM.s:2486   .debug_str:000000000000022b .LASF49
C:\Users\GTSAIN~1\AppData\Local\Temp\ccC6w8hM.s:2624   .debug_str:0000000000000506 .LASF50
C:\Users\GTSAIN~1\AppData\Local\Temp\ccC6w8hM.s:2642   .debug_str:00000000000005e4 .LASF51
C:\Users\GTSAIN~1\AppData\Local\Temp\ccC6w8hM.s:2516   .debug_str:00000000000002d2 .LASF52
C:\Users\GTSAIN~1\AppData\Local\Temp\ccC6w8hM.s:2544   .debug_str:0000000000000370 .LASF53
C:\Users\GTSAIN~1\AppData\Local\Temp\ccC6w8hM.s:2590   .debug_str:0000000000000469 .LASF54
C:\Users\GTSAIN~1\AppData\Local\Temp\ccC6w8hM.s:2798   .debug_str:0000000000000931 .LASF55
C:\Users\GTSAIN~1\AppData\Local\Temp\ccC6w8hM.s:2644   .debug_str:00000000000005ef .LASF56
C:\Users\GTSAIN~1\AppData\Local\Temp\ccC6w8hM.s:2610   .debug_str:00000000000004bf .LASF57
C:\Users\GTSAIN~1\AppData\Local\Temp\ccC6w8hM.s:2502   .debug_str:0000000000000275 .LASF58
C:\Users\GTSAIN~1\AppData\Local\Temp\ccC6w8hM.s:2522   .debug_str:00000000000002f9 .LASF59
C:\Users\GTSAIN~1\AppData\Local\Temp\ccC6w8hM.s:2568   .debug_str:00000000000003ff .LASF60
C:\Users\GTSAIN~1\AppData\Local\Temp\ccC6w8hM.s:2416   .debug_str:0000000000000079 .LASF61
C:\Users\GTSAIN~1\AppData\Local\Temp\ccC6w8hM.s:2432   .debug_str:00000000000000d8 .LASF62
C:\Users\GTSAIN~1\AppData\Local\Temp\ccC6w8hM.s:2560   .debug_str:00000000000003d8 .LASF63
C:\Users\GTSAIN~1\AppData\Local\Temp\ccC6w8hM.s:2574   .debug_str:0000000000000425 .LASF64
C:\Users\GTSAIN~1\AppData\Local\Temp\ccC6w8hM.s:2626   .debug_str:0000000000000510 .LASF65
C:\Users\GTSAIN~1\AppData\Local\Temp\ccC6w8hM.s:2730   .debug_str:00000000000007b9 .LASF66
C:\Users\GTSAIN~1\AppData\Local\Temp\ccC6w8hM.s:2464   .debug_str:00000000000001b4 .LASF67
C:\Users\GTSAIN~1\AppData\Local\Temp\ccC6w8hM.s:2748   .debug_str:0000000000000821 .LASF68
C:\Users\GTSAIN~1\AppData\Local\Temp\ccC6w8hM.s:2408   .debug_str:000000000000000c .LASF69
C:\Users\GTSAIN~1\AppData\Local\Temp\ccC6w8hM.s:2746   .debug_str:000000000000080e .LASF70
C:\Users\GTSAIN~1\AppData\Local\Temp\ccC6w8hM.s:2490   .debug_str:000000000000023f .LASF71
C:\Users\GTSAIN~1\AppData\Local\Temp\ccC6w8hM.s:2736   .debug_str:00000000000007de .LASF75
C:\Users\GTSAIN~1\AppData\Local\Temp\ccC6w8hM.s:2558   .debug_str:00000000000003c6 .LASF72
C:\Users\GTSAIN~1\AppData\Local\Temp\ccC6w8hM.s:2506   .debug_str:000000000000029b .LASF73
C:\Users\GTSAIN~1\AppData\Local\Temp\ccC6w8hM.s:2434   .debug_str:00000000000000e6 .LASF74
C:\Users\GTSAIN~1\AppData\Local\Temp\ccC6w8hM.s:2762   .debug_str:0000000000000872 .LASF76
C:\Users\GTSAIN~1\AppData\Local\Temp\ccC6w8hM.s:2550   .debug_str:0000000000000393 .LASF186
C:\Users\GTSAIN~1\AppData\Local\Temp\ccC6w8hM.s:2716   .debug_str:0000000000000780 .LASF77
C:\Users\GTSAIN~1\AppData\Local\Temp\ccC6w8hM.s:2640   .debug_str:00000000000005dd .LASF78
C:\Users\GTSAIN~1\AppData\Local\Temp\ccC6w8hM.s:2460   .debug_str:00000000000001a6 .LASF79
GAS LISTING C:\Users\GTSAIN~1\AppData\Local\Temp\ccC6w8hM.s 			page 5


C:\Users\GTSAIN~1\AppData\Local\Temp\ccC6w8hM.s:2714   .debug_str:0000000000000778 .LASF80
C:\Users\GTSAIN~1\AppData\Local\Temp\ccC6w8hM.s:2778   .debug_str:00000000000008c6 .LASF81
C:\Users\GTSAIN~1\AppData\Local\Temp\ccC6w8hM.s:2582   .debug_str:000000000000044c .LASF82
C:\Users\GTSAIN~1\AppData\Local\Temp\ccC6w8hM.s:2548   .debug_str:000000000000038c .LASF83
C:\Users\GTSAIN~1\AppData\Local\Temp\ccC6w8hM.s:2706   .debug_str:0000000000000752 .LASF84
C:\Users\GTSAIN~1\AppData\Local\Temp\ccC6w8hM.s:2708   .debug_str:000000000000075a .LASF85
C:\Users\GTSAIN~1\AppData\Local\Temp\ccC6w8hM.s:2680   .debug_str:00000000000006b7 .LASF86
C:\Users\GTSAIN~1\AppData\Local\Temp\ccC6w8hM.s:2756   .debug_str:000000000000084a .LASF87
C:\Users\GTSAIN~1\AppData\Local\Temp\ccC6w8hM.s:2648   .debug_str:000000000000060c .LASF88
C:\Users\GTSAIN~1\AppData\Local\Temp\ccC6w8hM.s:2668   .debug_str:000000000000067b .LASF89
C:\Users\GTSAIN~1\AppData\Local\Temp\ccC6w8hM.s:2536   .debug_str:0000000000000347 .LASF94
C:\Users\GTSAIN~1\AppData\Local\Temp\ccC6w8hM.s:2738   .debug_str:00000000000007e9 .LASF90
C:\Users\GTSAIN~1\AppData\Local\Temp\ccC6w8hM.s:2700   .debug_str:000000000000073d .LASF91
C:\Users\GTSAIN~1\AppData\Local\Temp\ccC6w8hM.s:2530   .debug_str:000000000000032d .LASF92
C:\Users\GTSAIN~1\AppData\Local\Temp\ccC6w8hM.s:2772   .debug_str:00000000000008a8 .LASF93
C:\Users\GTSAIN~1\AppData\Local\Temp\ccC6w8hM.s:2512   .debug_str:00000000000002c0 .LASF95
C:\Users\GTSAIN~1\AppData\Local\Temp\ccC6w8hM.s:2456   .debug_str:000000000000018f .LASF96
C:\Users\GTSAIN~1\AppData\Local\Temp\ccC6w8hM.s:2750   .debug_str:000000000000082f .LASF97
C:\Users\GTSAIN~1\AppData\Local\Temp\ccC6w8hM.s:2474   .debug_str:00000000000001e8 .LASF98
C:\Users\GTSAIN~1\AppData\Local\Temp\ccC6w8hM.s:2814   .debug_str:000000000000098d .LASF99
C:\Users\GTSAIN~1\AppData\Local\Temp\ccC6w8hM.s:2630   .debug_str:000000000000059f .LASF100
C:\Users\GTSAIN~1\AppData\Local\Temp\ccC6w8hM.s:2604   .debug_str:00000000000004a7 .LASF101
C:\Users\GTSAIN~1\AppData\Local\Temp\ccC6w8hM.s:2712   .debug_str:000000000000076e .LASF102
C:\Users\GTSAIN~1\AppData\Local\Temp\ccC6w8hM.s:2670   .debug_str:0000000000000684 .LASF103
C:\Users\GTSAIN~1\AppData\Local\Temp\ccC6w8hM.s:2794   .debug_str:0000000000000917 .LASF104
C:\Users\GTSAIN~1\AppData\Local\Temp\ccC6w8hM.s:2478   .debug_str:00000000000001f7 .LASF105
C:\Users\GTSAIN~1\AppData\Local\Temp\ccC6w8hM.s:2418   .debug_str:0000000000000087 .LASF106
C:\Users\GTSAIN~1\AppData\Local\Temp\ccC6w8hM.s:2406   .debug_str:0000000000000000 .LASF107
C:\Users\GTSAIN~1\AppData\Local\Temp\ccC6w8hM.s:2732   .debug_str:00000000000007c6 .LASF108
C:\Users\GTSAIN~1\AppData\Local\Temp\ccC6w8hM.s:2494   .debug_str:000000000000024f .LASF109
C:\Users\GTSAIN~1\AppData\Local\Temp\ccC6w8hM.s:2632   .debug_str:00000000000005a8 .LASF110
C:\Users\GTSAIN~1\AppData\Local\Temp\ccC6w8hM.s:2690   .debug_str:00000000000006e5 .LASF111
C:\Users\GTSAIN~1\AppData\Local\Temp\ccC6w8hM.s:2526   .debug_str:000000000000031e .LASF112
C:\Users\GTSAIN~1\AppData\Local\Temp\ccC6w8hM.s:2672   .debug_str:000000000000068e .LASF113
C:\Users\GTSAIN~1\AppData\Local\Temp\ccC6w8hM.s:2470   .debug_str:00000000000001d3 .LASF114
C:\Users\GTSAIN~1\AppData\Local\Temp\ccC6w8hM.s:2728   .debug_str:00000000000007b3 .LASF115
C:\Users\GTSAIN~1\AppData\Local\Temp\ccC6w8hM.s:2682   .debug_str:00000000000006c2 .LASF116
C:\Users\GTSAIN~1\AppData\Local\Temp\ccC6w8hM.s:2492   .debug_str:0000000000000248 .LASF117
C:\Users\GTSAIN~1\AppData\Local\Temp\ccC6w8hM.s:2770   .debug_str:00000000000008a2 .LASF118
C:\Users\GTSAIN~1\AppData\Local\Temp\ccC6w8hM.s:2436   .debug_str:00000000000000fd .LASF119
C:\Users\GTSAIN~1\AppData\Local\Temp\ccC6w8hM.s:2480   .debug_str:0000000000000205 .LASF120
C:\Users\GTSAIN~1\AppData\Local\Temp\ccC6w8hM.s:2542   .debug_str:000000000000036a .LASF121
C:\Users\GTSAIN~1\AppData\Local\Temp\ccC6w8hM.s:2602   .debug_str:00000000000004a0 .LASF122
C:\Users\GTSAIN~1\AppData\Local\Temp\ccC6w8hM.s:2742   .debug_str:00000000000007fc .LASF123
C:\Users\GTSAIN~1\AppData\Local\Temp\ccC6w8hM.s:2462   .debug_str:00000000000001ad .LASF124
C:\Users\GTSAIN~1\AppData\Local\Temp\ccC6w8hM.s:2468   .debug_str:00000000000001cd .LASF125
C:\Users\GTSAIN~1\AppData\Local\Temp\ccC6w8hM.s:2788   .debug_str:0000000000000900 .LASF126
C:\Users\GTSAIN~1\AppData\Local\Temp\ccC6w8hM.s:2724   .debug_str:000000000000079e .LASF127
C:\Users\GTSAIN~1\AppData\Local\Temp\ccC6w8hM.s:2614   .debug_str:00000000000004d9 .LASF128
C:\Users\GTSAIN~1\AppData\Local\Temp\ccC6w8hM.s:2562   .debug_str:00000000000003e7 .LASF129
C:\Users\GTSAIN~1\AppData\Local\Temp\ccC6w8hM.s:2592   .debug_str:0000000000000475 .LASF130
C:\Users\GTSAIN~1\AppData\Local\Temp\ccC6w8hM.s:2684   .debug_str:00000000000006ca .LASF131
C:\Users\GTSAIN~1\AppData\Local\Temp\ccC6w8hM.s:2674   .debug_str:0000000000000695 .LASF132
C:\Users\GTSAIN~1\AppData\Local\Temp\ccC6w8hM.s:2702   .debug_str:0000000000000745 .LASF133
C:\Users\GTSAIN~1\AppData\Local\Temp\ccC6w8hM.s:2720   .debug_str:0000000000000792 .LASF134
C:\Users\GTSAIN~1\AppData\Local\Temp\ccC6w8hM.s:2496   .debug_str:0000000000000257 .LASF135
C:\Users\GTSAIN~1\AppData\Local\Temp\ccC6w8hM.s:2552   .debug_str:00000000000003a3 .LASF136
GAS LISTING C:\Users\GTSAIN~1\AppData\Local\Temp\ccC6w8hM.s 			page 6


C:\Users\GTSAIN~1\AppData\Local\Temp\ccC6w8hM.s:2534   .debug_str:000000000000033f .LASF137
C:\Users\GTSAIN~1\AppData\Local\Temp\ccC6w8hM.s:2688   .debug_str:00000000000006e0 .LASF138
C:\Users\GTSAIN~1\AppData\Local\Temp\ccC6w8hM.s:2422   .debug_str:0000000000000097 .LASF139
C:\Users\GTSAIN~1\AppData\Local\Temp\ccC6w8hM.s:2696   .debug_str:00000000000006fc .LASF140
C:\Users\GTSAIN~1\AppData\Local\Temp\ccC6w8hM.s:2692   .debug_str:00000000000006ea .LASF141
C:\Users\GTSAIN~1\AppData\Local\Temp\ccC6w8hM.s:2634   .debug_str:00000000000005b0 .LASF142
C:\Users\GTSAIN~1\AppData\Local\Temp\ccC6w8hM.s:2694   .debug_str:00000000000006f2 .LASF143
C:\Users\GTSAIN~1\AppData\Local\Temp\ccC6w8hM.s:2580   .debug_str:0000000000000444 .LASF144
C:\Users\GTSAIN~1\AppData\Local\Temp\ccC6w8hM.s:2500   .debug_str:000000000000026b .LASF145
C:\Users\GTSAIN~1\AppData\Local\Temp\ccC6w8hM.s:2808   .debug_str:000000000000096b .LASF146
C:\Users\GTSAIN~1\AppData\Local\Temp\ccC6w8hM.s:2646   .debug_str:0000000000000602 .LASF147
C:\Users\GTSAIN~1\AppData\Local\Temp\ccC6w8hM.s:2556   .debug_str:00000000000003be .LASF148
C:\Users\GTSAIN~1\AppData\Local\Temp\ccC6w8hM.s:2510   .debug_str:00000000000002b8 .LASF149
C:\Users\GTSAIN~1\AppData\Local\Temp\ccC6w8hM.s:2588   .debug_str:0000000000000464 .LASF150
C:\Users\GTSAIN~1\AppData\Local\Temp\ccC6w8hM.s:2426   .debug_str:00000000000000af .LASF151
C:\Users\GTSAIN~1\AppData\Local\Temp\ccC6w8hM.s:2782   .debug_str:00000000000008d9 .LASF152
C:\Users\GTSAIN~1\AppData\Local\Temp\ccC6w8hM.s:2488   .debug_str:0000000000000237 .LASF153
C:\Users\GTSAIN~1\AppData\Local\Temp\ccC6w8hM.s:2476   .debug_str:00000000000001f2 .LASF154
C:\Users\GTSAIN~1\AppData\Local\Temp\ccC6w8hM.s:2722   .debug_str:0000000000000799 .LASF155
C:\Users\GTSAIN~1\AppData\Local\Temp\ccC6w8hM.s:2678   .debug_str:00000000000006b0 .LASF156
C:\Users\GTSAIN~1\AppData\Local\Temp\ccC6w8hM.s:2774   .debug_str:00000000000008ad .LASF157
C:\Users\GTSAIN~1\AppData\Local\Temp\ccC6w8hM.s:2564   .debug_str:00000000000003ed .LASF158
C:\Users\GTSAIN~1\AppData\Local\Temp\ccC6w8hM.s:2660   .debug_str:0000000000000654 .LASF159
C:\Users\GTSAIN~1\AppData\Local\Temp\ccC6w8hM.s:2420   .debug_str:000000000000008f .LASF160
C:\Users\GTSAIN~1\AppData\Local\Temp\ccC6w8hM.s:2704   .debug_str:000000000000074c .LASF161
C:\Users\GTSAIN~1\AppData\Local\Temp\ccC6w8hM.s:2594   .debug_str:000000000000047b .LASF162
C:\Users\GTSAIN~1\AppData\Local\Temp\ccC6w8hM.s:2752   .debug_str:0000000000000838 .LASF163
C:\Users\GTSAIN~1\AppData\Local\Temp\ccC6w8hM.s:2764   .debug_str:000000000000087b .LASF164
C:\Users\GTSAIN~1\AppData\Local\Temp\ccC6w8hM.s:2466   .debug_str:00000000000001c0 .LASF165
C:\Users\GTSAIN~1\AppData\Local\Temp\ccC6w8hM.s:2572   .debug_str:0000000000000418 .LASF166
C:\Users\GTSAIN~1\AppData\Local\Temp\ccC6w8hM.s:2796   .debug_str:0000000000000922 .LASF167
C:\Users\GTSAIN~1\AppData\Local\Temp\ccC6w8hM.s:2636   .debug_str:00000000000005bb .LASF168
C:\Users\GTSAIN~1\AppData\Local\Temp\ccC6w8hM.s:2566   .debug_str:00000000000003f4 .LASF169
C:\Users\GTSAIN~1\AppData\Local\Temp\ccC6w8hM.s:2800   .debug_str:0000000000000944 .LASF170
C:\Users\GTSAIN~1\AppData\Local\Temp\ccC6w8hM.s:2686   .debug_str:00000000000006d3 .LASF171
C:\Users\GTSAIN~1\AppData\Local\Temp\ccC6w8hM.s:2806   .debug_str:000000000000095d .LASF172
C:\Users\GTSAIN~1\AppData\Local\Temp\ccC6w8hM.s:2454   .debug_str:0000000000000181 .LASF173
C:\Users\GTSAIN~1\AppData\Local\Temp\ccC6w8hM.s:2780   .debug_str:00000000000008cf .LASF174
C:\Users\GTSAIN~1\AppData\Local\Temp\ccC6w8hM.s:2570   .debug_str:000000000000040c .LASF175
C:\Users\GTSAIN~1\AppData\Local\Temp\ccC6w8hM.s:2758   .debug_str:0000000000000852 .LASF176
C:\Users\GTSAIN~1\AppData\Local\Temp\ccC6w8hM.s:2520   .debug_str:00000000000002eb .LASF177
C:\Users\GTSAIN~1\AppData\Local\Temp\ccC6w8hM.s:2446   .debug_str:000000000000013a .LASF178
C:\Users\GTSAIN~1\AppData\Local\Temp\ccC6w8hM.s:2540   .debug_str:0000000000000359 .LASF179
C:\Users\GTSAIN~1\AppData\Local\Temp\ccC6w8hM.s:2428   .debug_str:00000000000000b8 .LASF180
C:\Users\GTSAIN~1\AppData\Local\Temp\ccC6w8hM.s:2430   .debug_str:00000000000000c7 .LASF181
C:\Users\GTSAIN~1\AppData\Local\Temp\ccC6w8hM.s:2666   .debug_str:0000000000000672 .LASF182
C:\Users\GTSAIN~1\AppData\Local\Temp\ccC6w8hM.s:2620   .debug_str:00000000000004f4 .LASF183
C:\Users\GTSAIN~1\AppData\Local\Temp\ccC6w8hM.s:2608   .debug_str:00000000000004b6 .LASF184
C:\Users\GTSAIN~1\AppData\Local\Temp\ccC6w8hM.s:2790   .debug_str:0000000000000906 .LASF185
C:\Users\GTSAIN~1\AppData\Local\Temp\ccC6w8hM.s:2442   .debug_str:0000000000000124 .LASF203
C:\Users\GTSAIN~1\AppData\Local\Temp\ccC6w8hM.s:2532   .debug_str:0000000000000333 .LASF187
C:\Users\GTSAIN~1\AppData\Local\Temp\ccC6w8hM.s:2760   .debug_str:000000000000085f .LASF188
C:\Users\GTSAIN~1\AppData\Local\Temp\ccC6w8hM.s:2586   .debug_str:000000000000045c .LASF189
C:\Users\GTSAIN~1\AppData\Local\Temp\ccC6w8hM.s:2612   .debug_str:00000000000004d2 .LASF190
C:\Users\GTSAIN~1\AppData\Local\Temp\ccC6w8hM.s:2616   .debug_str:00000000000004e1 .LASF191
C:\Users\GTSAIN~1\AppData\Local\Temp\ccC6w8hM.s:2596   .debug_str:0000000000000481 .LASF192
C:\Users\GTSAIN~1\AppData\Local\Temp\ccC6w8hM.s:2802   .debug_str:0000000000000949 .LASF193
GAS LISTING C:\Users\GTSAIN~1\AppData\Local\Temp\ccC6w8hM.s 			page 7


C:\Users\GTSAIN~1\AppData\Local\Temp\ccC6w8hM.s:2600   .debug_str:0000000000000497 .LASF194
C:\Users\GTSAIN~1\AppData\Local\Temp\ccC6w8hM.s:2652   .debug_str:000000000000062a .LASF204
C:\Users\GTSAIN~1\AppData\Local\Temp\ccC6w8hM.s:53     .text._fini:0000000000000000 .LFB6
C:\Users\GTSAIN~1\AppData\Local\Temp\ccC6w8hM.s:59     .text._fini:0000000000000002 .LFE6
C:\Users\GTSAIN~1\AppData\Local\Temp\ccC6w8hM.s:2718   .debug_str:000000000000078c .LASF205
C:\Users\GTSAIN~1\AppData\Local\Temp\ccC6w8hM.s:14     .text._init:0000000000000000 .LFB5
C:\Users\GTSAIN~1\AppData\Local\Temp\ccC6w8hM.s:46     .text._init:000000000000002c .LFE5
C:\Users\GTSAIN~1\AppData\Local\Temp\ccC6w8hM.s:2363   .debug_loc:0000000000000000 .LLST0
C:\Users\GTSAIN~1\AppData\Local\Temp\ccC6w8hM.s:27     .text._init:000000000000000c .LVL0
C:\Users\GTSAIN~1\AppData\Local\Temp\ccC6w8hM.s:31     .text._init:0000000000000018 .LVL1
C:\Users\GTSAIN~1\AppData\Local\Temp\ccC6w8hM.s:34     .text._init:0000000000000020 .LVL2
C:\Users\GTSAIN~1\AppData\Local\Temp\ccC6w8hM.s:44     .text._init:000000000000002c .LVL3
C:\Users\GTSAIN~1\AppData\Local\Temp\ccC6w8hM.s:2654   .debug_str:0000000000000630 .LASF195
C:\Users\GTSAIN~1\AppData\Local\Temp\ccC6w8hM.s:2438   .debug_str:0000000000000106 .LASF196
C:\Users\GTSAIN~1\AppData\Local\Temp\ccC6w8hM.s:2484   .debug_str:0000000000000219 .LASF197
C:\Users\GTSAIN~1\AppData\Local\Temp\ccC6w8hM.s:2452   .debug_str:0000000000000169 .LASF198
C:\Users\GTSAIN~1\AppData\Local\Temp\ccC6w8hM.s:21     .text._init:0000000000000002 .LCFI0
C:\Users\GTSAIN~1\AppData\Local\Temp\ccC6w8hM.s:40     .text._init:0000000000000024 .LCFI1
C:\Users\GTSAIN~1\AppData\Local\Temp\ccC6w8hM.s:74     .debug_info:0000000000000000 .Ldebug_info0

UNDEFINED SYMBOLS
SystemInit
eclic_init
eclic_mode_enable
disable_mcycle_minstret
