GAS LISTING C:\Users\GTSAIN~1\AppData\Local\Temp\ccDFw3NX.s 			page 1


   1              		.file	"read.c"
   2              		.option nopic
   3              		.attribute arch, "rv32i2p0_m2p0_a2p0_c2p0"
   4              		.attribute unaligned_access, 0
   5              		.attribute stack_align, 16
   6              		.text
   7              	.Ltext0:
   8              		.cfi_sections	.debug_frame
   9              		.section	.text._read,"ax",@progbits
  10              		.align	1
  11              		.globl	_read
  13              	_read:
  14              	.LFB1:
  15              		.file 1 "../../firmware/RISCV/stubs/read.c"
   1:../../firmware/RISCV/stubs/read.c **** /* See LICENSE of license details. */
   2:../../firmware/RISCV/stubs/read.c **** 
   3:../../firmware/RISCV/stubs/read.c **** #include <stdint.h>
   4:../../firmware/RISCV/stubs/read.c **** #include <errno.h>
   5:../../firmware/RISCV/stubs/read.c **** #include <unistd.h>
   6:../../firmware/RISCV/stubs/read.c **** #include <sys/types.h>
   7:../../firmware/RISCV/stubs/read.c **** 
   8:../../firmware/RISCV/stubs/read.c **** #include "stub.h"
   9:../../firmware/RISCV/stubs/read.c **** 
  10:../../firmware/RISCV/stubs/read.c **** ssize_t _read(int fd, void* ptr, size_t len)
  11:../../firmware/RISCV/stubs/read.c **** {
  16              		.loc 1 11 1
  17              		.cfi_startproc
  18              	.LVL0:
  12:../../firmware/RISCV/stubs/read.c ****   return _stub(EBADF);
  19              		.loc 1 12 3
  20              		.file 2 "../../firmware/RISCV/stubs/stub.h"
   1:../../firmware/RISCV/stubs/stub.h **** /* See LICENSE of license details. */
   2:../../firmware/RISCV/stubs/stub.h **** #ifndef _NUCLEI_SYS_STUB_H
   3:../../firmware/RISCV/stubs/stub.h **** #define _NUCLEI_SYS_STUB_H
   4:../../firmware/RISCV/stubs/stub.h **** 
   5:../../firmware/RISCV/stubs/stub.h **** #include <stdint.h>
   6:../../firmware/RISCV/stubs/stub.h **** #if   defined (__GNUC__)
   7:../../firmware/RISCV/stubs/stub.h **** #include <unistd.h>
   8:../../firmware/RISCV/stubs/stub.h **** #endif
   9:../../firmware/RISCV/stubs/stub.h **** 
  10:../../firmware/RISCV/stubs/stub.h **** void write_hex(int fd, unsigned long int hex);
  11:../../firmware/RISCV/stubs/stub.h **** 
  12:../../firmware/RISCV/stubs/stub.h **** static inline int _stub(int err)
  13:../../firmware/RISCV/stubs/stub.h **** {
  14:../../firmware/RISCV/stubs/stub.h ****   return -1;
  21              		.loc 2 14 3
  13:../../firmware/RISCV/stubs/read.c **** }
  22              		.loc 1 13 1 is_stmt 0
  23 0000 7D55     		li	a0,-1
  24              	.LVL1:
  25 0002 8280     		ret
  26              		.cfi_endproc
  27              	.LFE1:
  29              		.text
  30              	.Letext0:
  31              		.file 3 "c:\\users\\gtsa infinity\\desktop\\toolchain-gd32v-win\\compiler\\lib\\gcc\\riscv64-unkno
  32              		.file 4 "c:\\users\\gtsa infinity\\desktop\\toolchain-gd32v-win\\compiler\\riscv64-unknown-elf\\in
GAS LISTING C:\Users\GTSAIN~1\AppData\Local\Temp\ccDFw3NX.s 			page 2


  33              		.file 5 "c:\\users\\gtsa infinity\\desktop\\toolchain-gd32v-win\\compiler\\riscv64-unknown-elf\\in
  34              		.file 6 "c:\\users\\gtsa infinity\\desktop\\toolchain-gd32v-win\\compiler\\riscv64-unknown-elf\\in
  35              		.file 7 "c:\\users\\gtsa infinity\\desktop\\toolchain-gd32v-win\\compiler\\riscv64-unknown-elf\\in
  36              		.file 8 "c:\\users\\gtsa infinity\\desktop\\toolchain-gd32v-win\\compiler\\riscv64-unknown-elf\\in
  37              		.file 9 "c:\\users\\gtsa infinity\\desktop\\toolchain-gd32v-win\\compiler\\riscv64-unknown-elf\\in
GAS LISTING C:\Users\GTSAIN~1\AppData\Local\Temp\ccDFw3NX.s 			page 3


DEFINED SYMBOLS
                            *ABS*:0000000000000000 read.c
C:\Users\GTSAIN~1\AppData\Local\Temp\ccDFw3NX.s:13     .text._read:0000000000000000 _read
C:\Users\GTSAIN~1\AppData\Local\Temp\ccDFw3NX.s:17     .text._read:0000000000000000 .L0 
C:\Users\GTSAIN~1\AppData\Local\Temp\ccDFw3NX.s:19     .text._read:0000000000000000 .L0 
C:\Users\GTSAIN~1\AppData\Local\Temp\ccDFw3NX.s:21     .text._read:0000000000000000 .L0 
C:\Users\GTSAIN~1\AppData\Local\Temp\ccDFw3NX.s:22     .text._read:0000000000000000 .L0 
C:\Users\GTSAIN~1\AppData\Local\Temp\ccDFw3NX.s:23     .text._read:0000000000000000 .L0 
C:\Users\GTSAIN~1\AppData\Local\Temp\ccDFw3NX.s:26     .text._read:0000000000000004 .L0 
C:\Users\GTSAIN~1\AppData\Local\Temp\ccDFw3NX.s:29     .text._read:0000000000000004 .L0 
                     .debug_frame:0000000000000000 .L0 
C:\Users\GTSAIN~1\AppData\Local\Temp\ccDFw3NX.s:1569   .debug_abbrev:0000000000000000 .Ldebug_abbrev0
C:\Users\GTSAIN~1\AppData\Local\Temp\ccDFw3NX.s:2258   .debug_str:00000000000002cd .LASF130
C:\Users\GTSAIN~1\AppData\Local\Temp\ccDFw3NX.s:2116   .debug_str:000000000000000c .LASF131
C:\Users\GTSAIN~1\AppData\Local\Temp\ccDFw3NX.s:2354   .debug_str:00000000000004f7 .LASF132
C:\Users\GTSAIN~1\AppData\Local\Temp\ccDFw3NX.s:2106   .debug_ranges:0000000000000000 .Ldebug_ranges0
C:\Users\GTSAIN~1\AppData\Local\Temp\ccDFw3NX.s:2112   .debug_line:0000000000000000 .Ldebug_line0
C:\Users\GTSAIN~1\AppData\Local\Temp\ccDFw3NX.s:2150   .debug_str:00000000000000e1 .LASF0
C:\Users\GTSAIN~1\AppData\Local\Temp\ccDFw3NX.s:2272   .debug_str:0000000000000386 .LASF1
C:\Users\GTSAIN~1\AppData\Local\Temp\ccDFw3NX.s:2278   .debug_str:00000000000003a2 .LASF2
C:\Users\GTSAIN~1\AppData\Local\Temp\ccDFw3NX.s:2222   .debug_str:0000000000000229 .LASF3
C:\Users\GTSAIN~1\AppData\Local\Temp\ccDFw3NX.s:2166   .debug_str:0000000000000126 .LASF4
C:\Users\GTSAIN~1\AppData\Local\Temp\ccDFw3NX.s:2216   .debug_str:000000000000020a .LASF5
C:\Users\GTSAIN~1\AppData\Local\Temp\ccDFw3NX.s:2148   .debug_str:00000000000000d3 .LASF6
C:\Users\GTSAIN~1\AppData\Local\Temp\ccDFw3NX.s:2134   .debug_str:000000000000007c .LASF7
C:\Users\GTSAIN~1\AppData\Local\Temp\ccDFw3NX.s:2208   .debug_str:00000000000001e6 .LASF8
C:\Users\GTSAIN~1\AppData\Local\Temp\ccDFw3NX.s:2120   .debug_str:0000000000000034 .LASF10
C:\Users\GTSAIN~1\AppData\Local\Temp\ccDFw3NX.s:2252   .debug_str:00000000000002b3 .LASF9
C:\Users\GTSAIN~1\AppData\Local\Temp\ccDFw3NX.s:2236   .debug_str:0000000000000274 .LASF11
C:\Users\GTSAIN~1\AppData\Local\Temp\ccDFw3NX.s:2266   .debug_str:0000000000000363 .LASF12
C:\Users\GTSAIN~1\AppData\Local\Temp\ccDFw3NX.s:2324   .debug_str:0000000000000472 .LASF13
C:\Users\GTSAIN~1\AppData\Local\Temp\ccDFw3NX.s:2358   .debug_str:000000000000053f .LASF14
C:\Users\GTSAIN~1\AppData\Local\Temp\ccDFw3NX.s:2232   .debug_str:0000000000000266 .LASF15
C:\Users\GTSAIN~1\AppData\Local\Temp\ccDFw3NX.s:2210   .debug_str:00000000000001f3 .LASF16
C:\Users\GTSAIN~1\AppData\Local\Temp\ccDFw3NX.s:2316   .debug_str:0000000000000452 .LASF17
C:\Users\GTSAIN~1\AppData\Local\Temp\ccDFw3NX.s:2318   .debug_str:000000000000045a .LASF18
C:\Users\GTSAIN~1\AppData\Local\Temp\ccDFw3NX.s:2288   .debug_str:00000000000003ca .LASF19
C:\Users\GTSAIN~1\AppData\Local\Temp\ccDFw3NX.s:2344   .debug_str:00000000000004bd .LASF20
C:\Users\GTSAIN~1\AppData\Local\Temp\ccDFw3NX.s:2270   .debug_str:0000000000000374 .LASF21
C:\Users\GTSAIN~1\AppData\Local\Temp\ccDFw3NX.s:2194   .debug_str:00000000000001a9 .LASF22
C:\Users\GTSAIN~1\AppData\Local\Temp\ccDFw3NX.s:2198   .debug_str:00000000000001ba .LASF27
C:\Users\GTSAIN~1\AppData\Local\Temp\ccDFw3NX.s:2336   .debug_str:000000000000049c .LASF23
C:\Users\GTSAIN~1\AppData\Local\Temp\ccDFw3NX.s:2310   .debug_str:000000000000043d .LASF24
C:\Users\GTSAIN~1\AppData\Local\Temp\ccDFw3NX.s:2192   .debug_str:00000000000001a3 .LASF25
C:\Users\GTSAIN~1\AppData\Local\Temp\ccDFw3NX.s:2352   .debug_str:00000000000004f2 .LASF26
C:\Users\GTSAIN~1\AppData\Local\Temp\ccDFw3NX.s:2206   .debug_str:00000000000001e1 .LASF28
C:\Users\GTSAIN~1\AppData\Local\Temp\ccDFw3NX.s:2146   .debug_str:00000000000000ca .LASF29
C:\Users\GTSAIN~1\AppData\Local\Temp\ccDFw3NX.s:2330   .debug_str:0000000000000486 .LASF30
C:\Users\GTSAIN~1\AppData\Local\Temp\ccDFw3NX.s:2156   .debug_str:00000000000000f9 .LASF31
C:\Users\GTSAIN~1\AppData\Local\Temp\ccDFw3NX.s:2382   .debug_str:00000000000005aa .LASF32
C:\Users\GTSAIN~1\AppData\Local\Temp\ccDFw3NX.s:2260   .debug_str:0000000000000347 .LASF33
C:\Users\GTSAIN~1\AppData\Local\Temp\ccDFw3NX.s:2246   .debug_str:0000000000000299 .LASF34
C:\Users\GTSAIN~1\AppData\Local\Temp\ccDFw3NX.s:2322   .debug_str:0000000000000468 .LASF35
C:\Users\GTSAIN~1\AppData\Local\Temp\ccDFw3NX.s:2280   .debug_str:00000000000003ac .LASF36
C:\Users\GTSAIN~1\AppData\Local\Temp\ccDFw3NX.s:2368   .debug_str:000000000000056a .LASF37
C:\Users\GTSAIN~1\AppData\Local\Temp\ccDFw3NX.s:2160   .debug_str:0000000000000108 .LASF38
C:\Users\GTSAIN~1\AppData\Local\Temp\ccDFw3NX.s:2188   .debug_str:0000000000000196 .LASF39
GAS LISTING C:\Users\GTSAIN~1\AppData\Local\Temp\ccDFw3NX.s 			page 4


C:\Users\GTSAIN~1\AppData\Local\Temp\ccDFw3NX.s:2114   .debug_str:0000000000000000 .LASF40
C:\Users\GTSAIN~1\AppData\Local\Temp\ccDFw3NX.s:2340   .debug_str:00000000000004af .LASF41
C:\Users\GTSAIN~1\AppData\Local\Temp\ccDFw3NX.s:2172   .debug_str:0000000000000142 .LASF42
C:\Users\GTSAIN~1\AppData\Local\Temp\ccDFw3NX.s:2262   .debug_str:0000000000000350 .LASF43
C:\Users\GTSAIN~1\AppData\Local\Temp\ccDFw3NX.s:2302   .debug_str:000000000000040d .LASF44
C:\Users\GTSAIN~1\AppData\Local\Temp\ccDFw3NX.s:2190   .debug_str:000000000000019e .LASF45
C:\Users\GTSAIN~1\AppData\Local\Temp\ccDFw3NX.s:2282   .debug_str:00000000000003b6 .LASF46
C:\Users\GTSAIN~1\AppData\Local\Temp\ccDFw3NX.s:2154   .debug_str:00000000000000f3 .LASF47
C:\Users\GTSAIN~1\AppData\Local\Temp\ccDFw3NX.s:2118   .debug_str:000000000000002e .LASF48
C:\Users\GTSAIN~1\AppData\Local\Temp\ccDFw3NX.s:2290   .debug_str:00000000000003d5 .LASF49
C:\Users\GTSAIN~1\AppData\Local\Temp\ccDFw3NX.s:2170   .debug_str:000000000000013b .LASF50
C:\Users\GTSAIN~1\AppData\Local\Temp\ccDFw3NX.s:2218   .debug_str:000000000000021c .LASF51
C:\Users\GTSAIN~1\AppData\Local\Temp\ccDFw3NX.s:2136   .debug_str:0000000000000093 .LASF52
C:\Users\GTSAIN~1\AppData\Local\Temp\ccDFw3NX.s:2162   .debug_str:0000000000000116 .LASF53
C:\Users\GTSAIN~1\AppData\Local\Temp\ccDFw3NX.s:2202   .debug_str:00000000000001d1 .LASF54
C:\Users\GTSAIN~1\AppData\Local\Temp\ccDFw3NX.s:2244   .debug_str:0000000000000292 .LASF55
C:\Users\GTSAIN~1\AppData\Local\Temp\ccDFw3NX.s:2320   .debug_str:0000000000000462 .LASF56
C:\Users\GTSAIN~1\AppData\Local\Temp\ccDFw3NX.s:2372   .debug_str:0000000000000584 .LASF57
C:\Users\GTSAIN~1\AppData\Local\Temp\ccDFw3NX.s:2152   .debug_str:00000000000000ed .LASF58
C:\Users\GTSAIN~1\AppData\Local\Temp\ccDFw3NX.s:2364   .debug_str:000000000000055c .LASF59
C:\Users\GTSAIN~1\AppData\Local\Temp\ccDFw3NX.s:2176   .debug_str:0000000000000151 .LASF60
C:\Users\GTSAIN~1\AppData\Local\Temp\ccDFw3NX.s:2182   .debug_str:000000000000016f .LASF61
C:\Users\GTSAIN~1\AppData\Local\Temp\ccDFw3NX.s:2128   .debug_str:0000000000000056 .LASF62
C:\Users\GTSAIN~1\AppData\Local\Temp\ccDFw3NX.s:2238   .debug_str:000000000000027b .LASF63
C:\Users\GTSAIN~1\AppData\Local\Temp\ccDFw3NX.s:2294   .debug_str:00000000000003e7 .LASF64
C:\Users\GTSAIN~1\AppData\Local\Temp\ccDFw3NX.s:2240   .debug_str:0000000000000281 .LASF65
C:\Users\GTSAIN~1\AppData\Local\Temp\ccDFw3NX.s:2312   .debug_str:0000000000000445 .LASF66
C:\Users\GTSAIN~1\AppData\Local\Temp\ccDFw3NX.s:2326   .debug_str:000000000000047a .LASF67
C:\Users\GTSAIN~1\AppData\Local\Temp\ccDFw3NX.s:2174   .debug_str:000000000000014a .LASF68
C:\Users\GTSAIN~1\AppData\Local\Temp\ccDFw3NX.s:2212   .debug_str:00000000000001fa .LASF69
C:\Users\GTSAIN~1\AppData\Local\Temp\ccDFw3NX.s:2196   .debug_str:00000000000001b2 .LASF70
C:\Users\GTSAIN~1\AppData\Local\Temp\ccDFw3NX.s:2300   .debug_str:0000000000000408 .LASF71
C:\Users\GTSAIN~1\AppData\Local\Temp\ccDFw3NX.s:2124   .debug_str:0000000000000043 .LASF72
C:\Users\GTSAIN~1\AppData\Local\Temp\ccDFw3NX.s:2308   .debug_str:0000000000000424 .LASF73
C:\Users\GTSAIN~1\AppData\Local\Temp\ccDFw3NX.s:2304   .debug_str:0000000000000412 .LASF74
C:\Users\GTSAIN~1\AppData\Local\Temp\ccDFw3NX.s:2264   .debug_str:0000000000000358 .LASF75
C:\Users\GTSAIN~1\AppData\Local\Temp\ccDFw3NX.s:2306   .debug_str:000000000000041a .LASF76
C:\Users\GTSAIN~1\AppData\Local\Temp\ccDFw3NX.s:2230   .debug_str:000000000000025e .LASF77
C:\Users\GTSAIN~1\AppData\Local\Temp\ccDFw3NX.s:2204   .debug_str:00000000000001d7 .LASF78
C:\Users\GTSAIN~1\AppData\Local\Temp\ccDFw3NX.s:2380   .debug_str:00000000000005a5 .LASF79
C:\Users\GTSAIN~1\AppData\Local\Temp\ccDFw3NX.s:2268   .debug_str:000000000000036a .LASF80
C:\Users\GTSAIN~1\AppData\Local\Temp\ccDFw3NX.s:2214   .debug_str:0000000000000202 .LASF81
C:\Users\GTSAIN~1\AppData\Local\Temp\ccDFw3NX.s:2180   .debug_str:0000000000000167 .LASF82
C:\Users\GTSAIN~1\AppData\Local\Temp\ccDFw3NX.s:2274   .debug_str:0000000000000394 .LASF83
C:\Users\GTSAIN~1\AppData\Local\Temp\ccDFw3NX.s:2224   .debug_str:000000000000023c .LASF84
C:\Users\GTSAIN~1\AppData\Local\Temp\ccDFw3NX.s:2362   .debug_str:0000000000000552 .LASF85
C:\Users\GTSAIN~1\AppData\Local\Temp\ccDFw3NX.s:2164   .debug_str:000000000000011e .LASF86
C:\Users\GTSAIN~1\AppData\Local\Temp\ccDFw3NX.s:2158   .debug_str:0000000000000103 .LASF87
C:\Users\GTSAIN~1\AppData\Local\Temp\ccDFw3NX.s:2328   .debug_str:0000000000000481 .LASF88
C:\Users\GTSAIN~1\AppData\Local\Temp\ccDFw3NX.s:2286   .debug_str:00000000000003c3 .LASF89
C:\Users\GTSAIN~1\AppData\Local\Temp\ccDFw3NX.s:2356   .debug_str:0000000000000539 .LASF90
C:\Users\GTSAIN~1\AppData\Local\Temp\ccDFw3NX.s:2220   .debug_str:0000000000000222 .LASF91
C:\Users\GTSAIN~1\AppData\Local\Temp\ccDFw3NX.s:2284   .debug_str:00000000000003bd .LASF92
C:\Users\GTSAIN~1\AppData\Local\Temp\ccDFw3NX.s:2122   .debug_str:000000000000003b .LASF93
C:\Users\GTSAIN~1\AppData\Local\Temp\ccDFw3NX.s:2314   .debug_str:000000000000044c .LASF94
C:\Users\GTSAIN~1\AppData\Local\Temp\ccDFw3NX.s:2334   .debug_str:0000000000000496 .LASF95
C:\Users\GTSAIN~1\AppData\Local\Temp\ccDFw3NX.s:2342   .debug_str:00000000000004b8 .LASF96
GAS LISTING C:\Users\GTSAIN~1\AppData\Local\Temp\ccDFw3NX.s 			page 5


C:\Users\GTSAIN~1\AppData\Local\Temp\ccDFw3NX.s:2350   .debug_str:00000000000004e5 .LASF97
C:\Users\GTSAIN~1\AppData\Local\Temp\ccDFw3NX.s:2338   .debug_str:00000000000004a2 .LASF98
C:\Users\GTSAIN~1\AppData\Local\Temp\ccDFw3NX.s:2228   .debug_str:0000000000000251 .LASF99
C:\Users\GTSAIN~1\AppData\Local\Temp\ccDFw3NX.s:2370   .debug_str:0000000000000575 .LASF100
C:\Users\GTSAIN~1\AppData\Local\Temp\ccDFw3NX.s:2200   .debug_str:00000000000001c2 .LASF101
C:\Users\GTSAIN~1\AppData\Local\Temp\ccDFw3NX.s:2296   .debug_str:00000000000003f0 .LASF102
C:\Users\GTSAIN~1\AppData\Local\Temp\ccDFw3NX.s:2374   .debug_str:000000000000058b .LASF103
C:\Users\GTSAIN~1\AppData\Local\Temp\ccDFw3NX.s:2298   .debug_str:00000000000003fb .LASF104
C:\Users\GTSAIN~1\AppData\Local\Temp\ccDFw3NX.s:2378   .debug_str:0000000000000597 .LASF105
C:\Users\GTSAIN~1\AppData\Local\Temp\ccDFw3NX.s:2144   .debug_str:00000000000000bc .LASF106
C:\Users\GTSAIN~1\AppData\Local\Temp\ccDFw3NX.s:2360   .debug_str:0000000000000548 .LASF107
C:\Users\GTSAIN~1\AppData\Local\Temp\ccDFw3NX.s:2226   .debug_str:0000000000000245 .LASF108
C:\Users\GTSAIN~1\AppData\Local\Temp\ccDFw3NX.s:2346   .debug_str:00000000000004c5 .LASF109
C:\Users\GTSAIN~1\AppData\Local\Temp\ccDFw3NX.s:2186   .debug_str:0000000000000188 .LASF110
C:\Users\GTSAIN~1\AppData\Local\Temp\ccDFw3NX.s:2142   .debug_str:00000000000000ad .LASF111
C:\Users\GTSAIN~1\AppData\Local\Temp\ccDFw3NX.s:2184   .debug_str:0000000000000177 .LASF112
C:\Users\GTSAIN~1\AppData\Local\Temp\ccDFw3NX.s:2130   .debug_str:000000000000005c .LASF113
C:\Users\GTSAIN~1\AppData\Local\Temp\ccDFw3NX.s:2132   .debug_str:000000000000006b .LASF114
C:\Users\GTSAIN~1\AppData\Local\Temp\ccDFw3NX.s:2276   .debug_str:0000000000000399 .LASF115
C:\Users\GTSAIN~1\AppData\Local\Temp\ccDFw3NX.s:2256   .debug_str:00000000000002c6 .LASF116
C:\Users\GTSAIN~1\AppData\Local\Temp\ccDFw3NX.s:2248   .debug_str:00000000000002a3 .LASF117
C:\Users\GTSAIN~1\AppData\Local\Temp\ccDFw3NX.s:2366   .debug_str:0000000000000562 .LASF118
C:\Users\GTSAIN~1\AppData\Local\Temp\ccDFw3NX.s:2138   .debug_str:000000000000009c .LASF133
C:\Users\GTSAIN~1\AppData\Local\Temp\ccDFw3NX.s:2168   .debug_str:000000000000012f .LASF119
C:\Users\GTSAIN~1\AppData\Local\Temp\ccDFw3NX.s:2348   .debug_str:00000000000004d2 .LASF120
C:\Users\GTSAIN~1\AppData\Local\Temp\ccDFw3NX.s:2178   .debug_str:000000000000015a .LASF121
C:\Users\GTSAIN~1\AppData\Local\Temp\ccDFw3NX.s:2292   .debug_str:00000000000003dd .LASF122
C:\Users\GTSAIN~1\AppData\Local\Temp\ccDFw3NX.s:2126   .debug_str:000000000000004e .LASF123
C:\Users\GTSAIN~1\AppData\Local\Temp\ccDFw3NX.s:2234   .debug_str:000000000000026c .LASF124
C:\Users\GTSAIN~1\AppData\Local\Temp\ccDFw3NX.s:2250   .debug_str:00000000000002ac .LASF125
C:\Users\GTSAIN~1\AppData\Local\Temp\ccDFw3NX.s:2254   .debug_str:00000000000002bf .LASF126
C:\Users\GTSAIN~1\AppData\Local\Temp\ccDFw3NX.s:2332   .debug_str:000000000000048f .LASF127
C:\Users\GTSAIN~1\AppData\Local\Temp\ccDFw3NX.s:2376   .debug_str:0000000000000590 .LASF128
C:\Users\GTSAIN~1\AppData\Local\Temp\ccDFw3NX.s:2242   .debug_str:0000000000000289 .LASF129
C:\Users\GTSAIN~1\AppData\Local\Temp\ccDFw3NX.s:14     .text._read:0000000000000000 .LFB1
C:\Users\GTSAIN~1\AppData\Local\Temp\ccDFw3NX.s:27     .text._read:0000000000000004 .LFE1
C:\Users\GTSAIN~1\AppData\Local\Temp\ccDFw3NX.s:2079   .debug_loc:0000000000000000 .LLST0
C:\Users\GTSAIN~1\AppData\Local\Temp\ccDFw3NX.s:2140   .debug_str:00000000000000a7 .LASF134
C:\Users\GTSAIN~1\AppData\Local\Temp\ccDFw3NX.s:18     .text._read:0000000000000000 .LVL0
C:\Users\GTSAIN~1\AppData\Local\Temp\ccDFw3NX.s:24     .text._read:0000000000000002 .LVL1
C:\Users\GTSAIN~1\AppData\Local\Temp\ccDFw3NX.s:39     .debug_info:0000000000000000 .Ldebug_info0

NO UNDEFINED SYMBOLS
