GAS LISTING C:\Users\GTSAIN~1\AppData\Local\Temp\ccXts1KV.s 			page 1


   1              		.file	"read.c"
   2              		.option nopic
   3              		.attribute arch, "rv32i2p0_m2p0_a2p0_c2p0"
   4              		.attribute unaligned_access, 0
   5              		.attribute stack_align, 16
   6              		.text
   7              	.Ltext0:
   8              		.cfi_sections	.debug_frame
   9              		.section	.text._read,"ax",@progbits
  10              		.align	1
  11              		.globl	_read
  13              	_read:
  14              	.LFB1:
  15              		.file 1 "../../firmware/RISCV/stubs/read.c"
   1:../../firmware/RISCV/stubs/read.c **** /* See LICENSE of license details. */
   2:../../firmware/RISCV/stubs/read.c **** 
   3:../../firmware/RISCV/stubs/read.c **** #include <stdint.h>
   4:../../firmware/RISCV/stubs/read.c **** #include <errno.h>
   5:../../firmware/RISCV/stubs/read.c **** #include <unistd.h>
   6:../../firmware/RISCV/stubs/read.c **** #include <sys/types.h>
   7:../../firmware/RISCV/stubs/read.c **** 
   8:../../firmware/RISCV/stubs/read.c **** #include "stub.h"
   9:../../firmware/RISCV/stubs/read.c **** 
  10:../../firmware/RISCV/stubs/read.c **** ssize_t _read(int fd, void* ptr, size_t len)
  11:../../firmware/RISCV/stubs/read.c **** {
  16              		.loc 1 11 1
  17              		.cfi_startproc
  18              	.LVL0:
  12:../../firmware/RISCV/stubs/read.c ****   return _stub(EBADF);
  19              		.loc 1 12 3
  20              		.file 2 "../../firmware/RISCV/stubs/stub.h"
   1:../../firmware/RISCV/stubs/stub.h **** /* See LICENSE of license details. */
   2:../../firmware/RISCV/stubs/stub.h **** #ifndef _NUCLEI_SYS_STUB_H
   3:../../firmware/RISCV/stubs/stub.h **** #define _NUCLEI_SYS_STUB_H
   4:../../firmware/RISCV/stubs/stub.h **** 
   5:../../firmware/RISCV/stubs/stub.h **** #include <stdint.h>
   6:../../firmware/RISCV/stubs/stub.h **** #if   defined (__GNUC__)
   7:../../firmware/RISCV/stubs/stub.h **** #include <unistd.h>
   8:../../firmware/RISCV/stubs/stub.h **** #endif
   9:../../firmware/RISCV/stubs/stub.h **** 
  10:../../firmware/RISCV/stubs/stub.h **** void write_hex(int fd, unsigned long int hex);
  11:../../firmware/RISCV/stubs/stub.h **** 
  12:../../firmware/RISCV/stubs/stub.h **** static inline int _stub(int err)
  13:../../firmware/RISCV/stubs/stub.h **** {
  14:../../firmware/RISCV/stubs/stub.h ****   return -1;
  21              		.loc 2 14 3
  13:../../firmware/RISCV/stubs/read.c **** }
  22              		.loc 1 13 1 is_stmt 0
  23 0000 7D55     		li	a0,-1
  24              	.LVL1:
  25 0002 8280     		ret
  26              		.cfi_endproc
  27              	.LFE1:
  29              		.text
  30              	.Letext0:
  31              		.file 3 "c:\\users\\gtsa infinity\\desktop\\toolchain-gd32v-win\\compiler\\lib\\gcc\\riscv64-unkno
  32              		.file 4 "c:\\users\\gtsa infinity\\desktop\\toolchain-gd32v-win\\compiler\\riscv64-unknown-elf\\in
GAS LISTING C:\Users\GTSAIN~1\AppData\Local\Temp\ccXts1KV.s 			page 2


  33              		.file 5 "c:\\users\\gtsa infinity\\desktop\\toolchain-gd32v-win\\compiler\\riscv64-unknown-elf\\in
  34              		.file 6 "c:\\users\\gtsa infinity\\desktop\\toolchain-gd32v-win\\compiler\\riscv64-unknown-elf\\in
  35              		.file 7 "c:\\users\\gtsa infinity\\desktop\\toolchain-gd32v-win\\compiler\\riscv64-unknown-elf\\in
  36              		.file 8 "c:\\users\\gtsa infinity\\desktop\\toolchain-gd32v-win\\compiler\\riscv64-unknown-elf\\in
  37              		.file 9 "c:\\users\\gtsa infinity\\desktop\\toolchain-gd32v-win\\compiler\\riscv64-unknown-elf\\in
GAS LISTING C:\Users\GTSAIN~1\AppData\Local\Temp\ccXts1KV.s 			page 3


DEFINED SYMBOLS
                            *ABS*:0000000000000000 read.c
C:\Users\GTSAIN~1\AppData\Local\Temp\ccXts1KV.s:13     .text._read:0000000000000000 _read
C:\Users\GTSAIN~1\AppData\Local\Temp\ccXts1KV.s:17     .text._read:0000000000000000 .L0 
C:\Users\GTSAIN~1\AppData\Local\Temp\ccXts1KV.s:19     .text._read:0000000000000000 .L0 
C:\Users\GTSAIN~1\AppData\Local\Temp\ccXts1KV.s:21     .text._read:0000000000000000 .L0 
C:\Users\GTSAIN~1\AppData\Local\Temp\ccXts1KV.s:22     .text._read:0000000000000000 .L0 
C:\Users\GTSAIN~1\AppData\Local\Temp\ccXts1KV.s:23     .text._read:0000000000000000 .L0 
C:\Users\GTSAIN~1\AppData\Local\Temp\ccXts1KV.s:26     .text._read:0000000000000004 .L0 
C:\Users\GTSAIN~1\AppData\Local\Temp\ccXts1KV.s:29     .text._read:0000000000000004 .L0 
                     .debug_frame:0000000000000000 .L0 
C:\Users\GTSAIN~1\AppData\Local\Temp\ccXts1KV.s:1569   .debug_abbrev:0000000000000000 .Ldebug_abbrev0
C:\Users\GTSAIN~1\AppData\Local\Temp\ccXts1KV.s:2258   .debug_str:0000000000000303 .LASF130
C:\Users\GTSAIN~1\AppData\Local\Temp\ccXts1KV.s:2116   .debug_str:000000000000000c .LASF131
C:\Users\GTSAIN~1\AppData\Local\Temp\ccXts1KV.s:2118   .debug_str:000000000000002e .LASF132
C:\Users\GTSAIN~1\AppData\Local\Temp\ccXts1KV.s:2106   .debug_ranges:0000000000000000 .Ldebug_ranges0
C:\Users\GTSAIN~1\AppData\Local\Temp\ccXts1KV.s:2112   .debug_line:0000000000000000 .Ldebug_line0
C:\Users\GTSAIN~1\AppData\Local\Temp\ccXts1KV.s:2150   .debug_str:000000000000011d .LASF0
C:\Users\GTSAIN~1\AppData\Local\Temp\ccXts1KV.s:2272   .debug_str:00000000000003bc .LASF1
C:\Users\GTSAIN~1\AppData\Local\Temp\ccXts1KV.s:2278   .debug_str:00000000000003d8 .LASF2
C:\Users\GTSAIN~1\AppData\Local\Temp\ccXts1KV.s:2222   .debug_str:000000000000025f .LASF3
C:\Users\GTSAIN~1\AppData\Local\Temp\ccXts1KV.s:2166   .debug_str:0000000000000162 .LASF4
C:\Users\GTSAIN~1\AppData\Local\Temp\ccXts1KV.s:2216   .debug_str:0000000000000240 .LASF5
C:\Users\GTSAIN~1\AppData\Local\Temp\ccXts1KV.s:2148   .debug_str:000000000000010f .LASF6
C:\Users\GTSAIN~1\AppData\Local\Temp\ccXts1KV.s:2134   .debug_str:00000000000000b8 .LASF7
C:\Users\GTSAIN~1\AppData\Local\Temp\ccXts1KV.s:2208   .debug_str:000000000000021c .LASF8
C:\Users\GTSAIN~1\AppData\Local\Temp\ccXts1KV.s:2120   .debug_str:0000000000000070 .LASF10
C:\Users\GTSAIN~1\AppData\Local\Temp\ccXts1KV.s:2252   .debug_str:00000000000002e9 .LASF9
C:\Users\GTSAIN~1\AppData\Local\Temp\ccXts1KV.s:2236   .debug_str:00000000000002aa .LASF11
C:\Users\GTSAIN~1\AppData\Local\Temp\ccXts1KV.s:2266   .debug_str:0000000000000399 .LASF12
C:\Users\GTSAIN~1\AppData\Local\Temp\ccXts1KV.s:2324   .debug_str:00000000000004aa .LASF13
C:\Users\GTSAIN~1\AppData\Local\Temp\ccXts1KV.s:2358   .debug_str:000000000000053f .LASF14
C:\Users\GTSAIN~1\AppData\Local\Temp\ccXts1KV.s:2232   .debug_str:000000000000029c .LASF15
C:\Users\GTSAIN~1\AppData\Local\Temp\ccXts1KV.s:2210   .debug_str:0000000000000229 .LASF16
C:\Users\GTSAIN~1\AppData\Local\Temp\ccXts1KV.s:2316   .debug_str:0000000000000488 .LASF17
C:\Users\GTSAIN~1\AppData\Local\Temp\ccXts1KV.s:2318   .debug_str:0000000000000490 .LASF18
C:\Users\GTSAIN~1\AppData\Local\Temp\ccXts1KV.s:2288   .debug_str:0000000000000400 .LASF19
C:\Users\GTSAIN~1\AppData\Local\Temp\ccXts1KV.s:2344   .debug_str:00000000000004f5 .LASF20
C:\Users\GTSAIN~1\AppData\Local\Temp\ccXts1KV.s:2270   .debug_str:00000000000003aa .LASF21
C:\Users\GTSAIN~1\AppData\Local\Temp\ccXts1KV.s:2194   .debug_str:00000000000001df .LASF22
C:\Users\GTSAIN~1\AppData\Local\Temp\ccXts1KV.s:2198   .debug_str:00000000000001f0 .LASF27
C:\Users\GTSAIN~1\AppData\Local\Temp\ccXts1KV.s:2336   .debug_str:00000000000004d4 .LASF23
C:\Users\GTSAIN~1\AppData\Local\Temp\ccXts1KV.s:2310   .debug_str:0000000000000473 .LASF24
C:\Users\GTSAIN~1\AppData\Local\Temp\ccXts1KV.s:2192   .debug_str:00000000000001d9 .LASF25
C:\Users\GTSAIN~1\AppData\Local\Temp\ccXts1KV.s:2352   .debug_str:000000000000052a .LASF26
C:\Users\GTSAIN~1\AppData\Local\Temp\ccXts1KV.s:2206   .debug_str:0000000000000217 .LASF28
C:\Users\GTSAIN~1\AppData\Local\Temp\ccXts1KV.s:2146   .debug_str:0000000000000106 .LASF29
C:\Users\GTSAIN~1\AppData\Local\Temp\ccXts1KV.s:2330   .debug_str:00000000000004be .LASF30
C:\Users\GTSAIN~1\AppData\Local\Temp\ccXts1KV.s:2156   .debug_str:0000000000000135 .LASF31
C:\Users\GTSAIN~1\AppData\Local\Temp\ccXts1KV.s:2382   .debug_str:00000000000005aa .LASF32
C:\Users\GTSAIN~1\AppData\Local\Temp\ccXts1KV.s:2260   .debug_str:000000000000037d .LASF33
C:\Users\GTSAIN~1\AppData\Local\Temp\ccXts1KV.s:2246   .debug_str:00000000000002cf .LASF34
C:\Users\GTSAIN~1\AppData\Local\Temp\ccXts1KV.s:2354   .debug_str:000000000000052f .LASF35
C:\Users\GTSAIN~1\AppData\Local\Temp\ccXts1KV.s:2280   .debug_str:00000000000003e2 .LASF36
C:\Users\GTSAIN~1\AppData\Local\Temp\ccXts1KV.s:2368   .debug_str:000000000000056a .LASF37
C:\Users\GTSAIN~1\AppData\Local\Temp\ccXts1KV.s:2160   .debug_str:0000000000000144 .LASF38
C:\Users\GTSAIN~1\AppData\Local\Temp\ccXts1KV.s:2186   .debug_str:00000000000001c6 .LASF39
GAS LISTING C:\Users\GTSAIN~1\AppData\Local\Temp\ccXts1KV.s 			page 4


C:\Users\GTSAIN~1\AppData\Local\Temp\ccXts1KV.s:2114   .debug_str:0000000000000000 .LASF40
C:\Users\GTSAIN~1\AppData\Local\Temp\ccXts1KV.s:2340   .debug_str:00000000000004e7 .LASF41
C:\Users\GTSAIN~1\AppData\Local\Temp\ccXts1KV.s:2170   .debug_str:0000000000000172 .LASF42
C:\Users\GTSAIN~1\AppData\Local\Temp\ccXts1KV.s:2262   .debug_str:0000000000000386 .LASF43
C:\Users\GTSAIN~1\AppData\Local\Temp\ccXts1KV.s:2302   .debug_str:0000000000000443 .LASF44
C:\Users\GTSAIN~1\AppData\Local\Temp\ccXts1KV.s:2190   .debug_str:00000000000001d4 .LASF45
C:\Users\GTSAIN~1\AppData\Local\Temp\ccXts1KV.s:2282   .debug_str:00000000000003ec .LASF46
C:\Users\GTSAIN~1\AppData\Local\Temp\ccXts1KV.s:2154   .debug_str:000000000000012f .LASF47
C:\Users\GTSAIN~1\AppData\Local\Temp\ccXts1KV.s:2188   .debug_str:00000000000001ce .LASF48
C:\Users\GTSAIN~1\AppData\Local\Temp\ccXts1KV.s:2290   .debug_str:000000000000040b .LASF49
C:\Users\GTSAIN~1\AppData\Local\Temp\ccXts1KV.s:2168   .debug_str:000000000000016b .LASF50
C:\Users\GTSAIN~1\AppData\Local\Temp\ccXts1KV.s:2218   .debug_str:0000000000000252 .LASF51
C:\Users\GTSAIN~1\AppData\Local\Temp\ccXts1KV.s:2136   .debug_str:00000000000000cf .LASF52
C:\Users\GTSAIN~1\AppData\Local\Temp\ccXts1KV.s:2162   .debug_str:0000000000000152 .LASF53
C:\Users\GTSAIN~1\AppData\Local\Temp\ccXts1KV.s:2202   .debug_str:0000000000000207 .LASF54
C:\Users\GTSAIN~1\AppData\Local\Temp\ccXts1KV.s:2244   .debug_str:00000000000002c8 .LASF55
C:\Users\GTSAIN~1\AppData\Local\Temp\ccXts1KV.s:2320   .debug_str:0000000000000498 .LASF56
C:\Users\GTSAIN~1\AppData\Local\Temp\ccXts1KV.s:2372   .debug_str:0000000000000584 .LASF57
C:\Users\GTSAIN~1\AppData\Local\Temp\ccXts1KV.s:2152   .debug_str:0000000000000129 .LASF58
C:\Users\GTSAIN~1\AppData\Local\Temp\ccXts1KV.s:2364   .debug_str:000000000000055c .LASF59
C:\Users\GTSAIN~1\AppData\Local\Temp\ccXts1KV.s:2174   .debug_str:0000000000000181 .LASF60
C:\Users\GTSAIN~1\AppData\Local\Temp\ccXts1KV.s:2180   .debug_str:000000000000019f .LASF61
C:\Users\GTSAIN~1\AppData\Local\Temp\ccXts1KV.s:2128   .debug_str:0000000000000092 .LASF62
C:\Users\GTSAIN~1\AppData\Local\Temp\ccXts1KV.s:2238   .debug_str:00000000000002b1 .LASF63
C:\Users\GTSAIN~1\AppData\Local\Temp\ccXts1KV.s:2294   .debug_str:000000000000041d .LASF64
C:\Users\GTSAIN~1\AppData\Local\Temp\ccXts1KV.s:2240   .debug_str:00000000000002b7 .LASF65
C:\Users\GTSAIN~1\AppData\Local\Temp\ccXts1KV.s:2312   .debug_str:000000000000047b .LASF66
C:\Users\GTSAIN~1\AppData\Local\Temp\ccXts1KV.s:2326   .debug_str:00000000000004b2 .LASF67
C:\Users\GTSAIN~1\AppData\Local\Temp\ccXts1KV.s:2172   .debug_str:000000000000017a .LASF68
C:\Users\GTSAIN~1\AppData\Local\Temp\ccXts1KV.s:2212   .debug_str:0000000000000230 .LASF69
C:\Users\GTSAIN~1\AppData\Local\Temp\ccXts1KV.s:2196   .debug_str:00000000000001e8 .LASF70
C:\Users\GTSAIN~1\AppData\Local\Temp\ccXts1KV.s:2300   .debug_str:000000000000043e .LASF71
C:\Users\GTSAIN~1\AppData\Local\Temp\ccXts1KV.s:2124   .debug_str:000000000000007f .LASF72
C:\Users\GTSAIN~1\AppData\Local\Temp\ccXts1KV.s:2308   .debug_str:000000000000045a .LASF73
C:\Users\GTSAIN~1\AppData\Local\Temp\ccXts1KV.s:2304   .debug_str:0000000000000448 .LASF74
C:\Users\GTSAIN~1\AppData\Local\Temp\ccXts1KV.s:2264   .debug_str:000000000000038e .LASF75
C:\Users\GTSAIN~1\AppData\Local\Temp\ccXts1KV.s:2306   .debug_str:0000000000000450 .LASF76
C:\Users\GTSAIN~1\AppData\Local\Temp\ccXts1KV.s:2230   .debug_str:0000000000000294 .LASF77
C:\Users\GTSAIN~1\AppData\Local\Temp\ccXts1KV.s:2204   .debug_str:000000000000020d .LASF78
C:\Users\GTSAIN~1\AppData\Local\Temp\ccXts1KV.s:2380   .debug_str:00000000000005a5 .LASF79
C:\Users\GTSAIN~1\AppData\Local\Temp\ccXts1KV.s:2268   .debug_str:00000000000003a0 .LASF80
C:\Users\GTSAIN~1\AppData\Local\Temp\ccXts1KV.s:2214   .debug_str:0000000000000238 .LASF81
C:\Users\GTSAIN~1\AppData\Local\Temp\ccXts1KV.s:2178   .debug_str:0000000000000197 .LASF82
C:\Users\GTSAIN~1\AppData\Local\Temp\ccXts1KV.s:2274   .debug_str:00000000000003ca .LASF83
C:\Users\GTSAIN~1\AppData\Local\Temp\ccXts1KV.s:2224   .debug_str:0000000000000272 .LASF84
C:\Users\GTSAIN~1\AppData\Local\Temp\ccXts1KV.s:2362   .debug_str:0000000000000552 .LASF85
C:\Users\GTSAIN~1\AppData\Local\Temp\ccXts1KV.s:2164   .debug_str:000000000000015a .LASF86
C:\Users\GTSAIN~1\AppData\Local\Temp\ccXts1KV.s:2158   .debug_str:000000000000013f .LASF87
C:\Users\GTSAIN~1\AppData\Local\Temp\ccXts1KV.s:2328   .debug_str:00000000000004b9 .LASF88
C:\Users\GTSAIN~1\AppData\Local\Temp\ccXts1KV.s:2286   .debug_str:00000000000003f9 .LASF89
C:\Users\GTSAIN~1\AppData\Local\Temp\ccXts1KV.s:2356   .debug_str:0000000000000539 .LASF90
C:\Users\GTSAIN~1\AppData\Local\Temp\ccXts1KV.s:2220   .debug_str:0000000000000258 .LASF91
C:\Users\GTSAIN~1\AppData\Local\Temp\ccXts1KV.s:2284   .debug_str:00000000000003f3 .LASF92
C:\Users\GTSAIN~1\AppData\Local\Temp\ccXts1KV.s:2122   .debug_str:0000000000000077 .LASF93
C:\Users\GTSAIN~1\AppData\Local\Temp\ccXts1KV.s:2314   .debug_str:0000000000000482 .LASF94
C:\Users\GTSAIN~1\AppData\Local\Temp\ccXts1KV.s:2334   .debug_str:00000000000004ce .LASF95
C:\Users\GTSAIN~1\AppData\Local\Temp\ccXts1KV.s:2342   .debug_str:00000000000004f0 .LASF96
GAS LISTING C:\Users\GTSAIN~1\AppData\Local\Temp\ccXts1KV.s 			page 5


C:\Users\GTSAIN~1\AppData\Local\Temp\ccXts1KV.s:2350   .debug_str:000000000000051d .LASF97
C:\Users\GTSAIN~1\AppData\Local\Temp\ccXts1KV.s:2338   .debug_str:00000000000004da .LASF98
C:\Users\GTSAIN~1\AppData\Local\Temp\ccXts1KV.s:2228   .debug_str:0000000000000287 .LASF99
C:\Users\GTSAIN~1\AppData\Local\Temp\ccXts1KV.s:2370   .debug_str:0000000000000575 .LASF100
C:\Users\GTSAIN~1\AppData\Local\Temp\ccXts1KV.s:2200   .debug_str:00000000000001f8 .LASF101
C:\Users\GTSAIN~1\AppData\Local\Temp\ccXts1KV.s:2296   .debug_str:0000000000000426 .LASF102
C:\Users\GTSAIN~1\AppData\Local\Temp\ccXts1KV.s:2374   .debug_str:000000000000058b .LASF103
C:\Users\GTSAIN~1\AppData\Local\Temp\ccXts1KV.s:2298   .debug_str:0000000000000431 .LASF104
C:\Users\GTSAIN~1\AppData\Local\Temp\ccXts1KV.s:2378   .debug_str:0000000000000597 .LASF105
C:\Users\GTSAIN~1\AppData\Local\Temp\ccXts1KV.s:2144   .debug_str:00000000000000f8 .LASF106
C:\Users\GTSAIN~1\AppData\Local\Temp\ccXts1KV.s:2360   .debug_str:0000000000000548 .LASF107
C:\Users\GTSAIN~1\AppData\Local\Temp\ccXts1KV.s:2226   .debug_str:000000000000027b .LASF108
C:\Users\GTSAIN~1\AppData\Local\Temp\ccXts1KV.s:2346   .debug_str:00000000000004fd .LASF109
C:\Users\GTSAIN~1\AppData\Local\Temp\ccXts1KV.s:2184   .debug_str:00000000000001b8 .LASF110
C:\Users\GTSAIN~1\AppData\Local\Temp\ccXts1KV.s:2142   .debug_str:00000000000000e9 .LASF111
C:\Users\GTSAIN~1\AppData\Local\Temp\ccXts1KV.s:2182   .debug_str:00000000000001a7 .LASF112
C:\Users\GTSAIN~1\AppData\Local\Temp\ccXts1KV.s:2130   .debug_str:0000000000000098 .LASF113
C:\Users\GTSAIN~1\AppData\Local\Temp\ccXts1KV.s:2132   .debug_str:00000000000000a7 .LASF114
C:\Users\GTSAIN~1\AppData\Local\Temp\ccXts1KV.s:2276   .debug_str:00000000000003cf .LASF115
C:\Users\GTSAIN~1\AppData\Local\Temp\ccXts1KV.s:2256   .debug_str:00000000000002fc .LASF116
C:\Users\GTSAIN~1\AppData\Local\Temp\ccXts1KV.s:2248   .debug_str:00000000000002d9 .LASF117
C:\Users\GTSAIN~1\AppData\Local\Temp\ccXts1KV.s:2366   .debug_str:0000000000000562 .LASF118
C:\Users\GTSAIN~1\AppData\Local\Temp\ccXts1KV.s:2138   .debug_str:00000000000000d8 .LASF133
C:\Users\GTSAIN~1\AppData\Local\Temp\ccXts1KV.s:2322   .debug_str:000000000000049e .LASF119
C:\Users\GTSAIN~1\AppData\Local\Temp\ccXts1KV.s:2348   .debug_str:000000000000050a .LASF120
C:\Users\GTSAIN~1\AppData\Local\Temp\ccXts1KV.s:2176   .debug_str:000000000000018a .LASF121
C:\Users\GTSAIN~1\AppData\Local\Temp\ccXts1KV.s:2292   .debug_str:0000000000000413 .LASF122
C:\Users\GTSAIN~1\AppData\Local\Temp\ccXts1KV.s:2126   .debug_str:000000000000008a .LASF123
C:\Users\GTSAIN~1\AppData\Local\Temp\ccXts1KV.s:2234   .debug_str:00000000000002a2 .LASF124
C:\Users\GTSAIN~1\AppData\Local\Temp\ccXts1KV.s:2250   .debug_str:00000000000002e2 .LASF125
C:\Users\GTSAIN~1\AppData\Local\Temp\ccXts1KV.s:2254   .debug_str:00000000000002f5 .LASF126
C:\Users\GTSAIN~1\AppData\Local\Temp\ccXts1KV.s:2332   .debug_str:00000000000004c7 .LASF127
C:\Users\GTSAIN~1\AppData\Local\Temp\ccXts1KV.s:2376   .debug_str:0000000000000590 .LASF128
C:\Users\GTSAIN~1\AppData\Local\Temp\ccXts1KV.s:2242   .debug_str:00000000000002bf .LASF129
C:\Users\GTSAIN~1\AppData\Local\Temp\ccXts1KV.s:14     .text._read:0000000000000000 .LFB1
C:\Users\GTSAIN~1\AppData\Local\Temp\ccXts1KV.s:27     .text._read:0000000000000004 .LFE1
C:\Users\GTSAIN~1\AppData\Local\Temp\ccXts1KV.s:2079   .debug_loc:0000000000000000 .LLST0
C:\Users\GTSAIN~1\AppData\Local\Temp\ccXts1KV.s:2140   .debug_str:00000000000000e3 .LASF134
C:\Users\GTSAIN~1\AppData\Local\Temp\ccXts1KV.s:18     .text._read:0000000000000000 .LVL0
C:\Users\GTSAIN~1\AppData\Local\Temp\ccXts1KV.s:24     .text._read:0000000000000002 .LVL1
C:\Users\GTSAIN~1\AppData\Local\Temp\ccXts1KV.s:39     .debug_info:0000000000000000 .Ldebug_info0

NO UNDEFINED SYMBOLS
